GetName 
GetName 
GetName 
GetName 

GetName 
GetName 
GetName 
GetName 

GetName test
GetName test.aaa
GetName foo
GetName foo.exe
GetName foo
GetName foo.exe

GetName test
GetName test.aaa
GetName foo
GetName foo.exe
GetName foo
GetName foo.exe

GetName test
GetName test.aaa
GetName foo
GetName foo.exe
GetName foo
GetName foo.exe

GetName test
GetName test.aaa
GetName foo
GetName foo.exe
GetName foo
GetName foo.exe

GetName test
GetName test.aaa
GetName foo
GetName foo.exe
GetName foo
GetName foo.exe

GetName test
GetName test.aaa
GetName foo
GetName foo.exe
GetName foo
GetName foo.exe

GetName test
GetName test.aaa
GetName foo
GetName foo.exe
GetName foo
GetName foo.exe

GetName test
GetName test.aaa
GetName foo
GetName foo.exe
GetName foo
GetName foo.exe

GetName test
GetName test.aaa
GetName foo
GetName foo.exe
GetName foo
GetName foo.exe

GetName test
GetName test.aaa
GetName foo
GetName foo.exe
GetName foo
GetName foo.exe

GetName test
GetName test.aaa
GetName foo
GetName foo.exe
GetName foo
GetName foo.exe

