0
500000000
1000000000
1500000000
2000000000
2147483647
2147483647
2147483647
2147483647
2147483647

0
500000000
1000000000
1500000000
2000000000
2147483647
2147483647
2147483647
2147483647
2147483647

2000000000
2010000000
2020000000
2030000000
2040000000
2050000000
2060000000
2070000000
2080000000
2090000000

2140000000
2141000000
2142000000
2143000000
2144000000
2145000000
2146000000
2147000000
2147100000
2147200000
2147300000
2147483647
2147483647

2147483520
2147483520
2147483520
2147483520
2147483520
2147483520
2147483520
2147483520
2147483520
2147483520
